<?xml version="1.0" encoding="UTF-8"?>
<!-- Generated by org.testng.reporters.JUnitXMLReporter -->
<testsuite ignored="0" hostname="Anishas-MacBook-Air.local" failures="0" tests="3" name="Test" time="23.304" errors="0" timestamp="2025-09-29T20:31:30 IST">
  <testcase classname="TestAssesmentLambda.Assesment.TestScenario1" name="testSimpleFormDemo" time="0.427"/>
  <testcase classname="TestAssesmentLambda.Assesment.TestScenario2" name="testDragDropSliders" time="0.649"/>
  <testcase classname="TestAssesmentLambda.Assesment.TestScenario3" name="testInputFormSubmit" time="15.893"/>
</testsuite> <!-- Test -->
