<?xml version="1.0" encoding="UTF-8"?>
<!-- Generated by org.testng.reporters.JUnitXMLReporter -->
<testsuite ignored="0" hostname="Anishas-MacBook-Air.local" failures="0" tests="3" name="Test1" time="74.265" errors="0" timestamp="2025-09-29T22:22:45 IST">
  <testcase classname="Reusables.TestScenario1" name="testSimpleFormDemo" time="4.35"/>
  <testcase classname="Reusables.TestScenario2" name="testDragDropSliders" time="3.318"/>
  <testcase classname="Reusables.TestScenario3" name="testInputFormSubmit" time="30.512"/>
</testsuite> <!-- Test1 -->
