<?xml version="1.0" encoding="UTF-8"?>
<!-- Generated by org.testng.reporters.JUnitXMLReporter -->
<testsuite ignored="0" hostname="Anishas-MacBook-Air.local" failures="1" tests="1" name="Test2" time="31.901" errors="0" timestamp="2025-09-29T22:29:37 IST">
  <testcase classname="Reusables.TestScenario3" name="testInputFormSubmit" time="17.614">
    <failure type="org.openqa.selenium.WebDriverException" message="Build info: version: &amp;apos;4.35.0&amp;apos;, revision: &amp;apos;1c58e5028b&amp;apos;
System info: os.name: &amp;apos;Mac OS X&amp;apos;, os.arch: &amp;apos;aarch64&amp;apos;, os.version: &amp;apos;15.5&amp;apos;, java.version: &amp;apos;17.0.10&amp;apos;
Driver info: org.openqa.selenium.remote.RemoteWebDriver
Command: [9E916CD2-8D22-457A-AD53-70A8737F6768, clickElement {id=node-1E7F8B54-EEB3-4C37-95B4-3BEE515DC93A}]
Capabilities {acceptInsecureCerts: false, browserName: Safari, browserVersion: 26.0, platformName: mac, safari:automaticInspection: false, safari:automaticProfiling: false, safari:diagnose: false, safari:experimentalWebSocketUrl: false, safari:platformBuildVersion: 25A354, safari:platformVersion: 26.0, safari:useSimulator: false, setWindowRect: true, strictFileInteractability: false, webkit:WebRTC: {DisableICECandidateFiltering: false, DisableInsecureMediaCapture: false}, webkit:alwaysAllowAutoplay: false}
Element: [[RemoteWebDriver: Safari on mac (9E916CD2-8D22-457A-AD53-70A8737F6768)] -&amp;gt; xpath: //button[text()=&amp;apos;Submit&amp;apos;]]
Session ID: 9E916CD2-8D22-457A-AD53-70A8737F6768">
      <![CDATA[org.openqa.selenium.WebDriverException: Build info: version: '4.35.0', revision: '1c58e5028b'
System info: os.name: 'Mac OS X', os.arch: 'aarch64', os.version: '15.5', java.version: '17.0.10'
Driver info: org.openqa.selenium.remote.RemoteWebDriver
Command: [9E916CD2-8D22-457A-AD53-70A8737F6768, clickElement {id=node-1E7F8B54-EEB3-4C37-95B4-3BEE515DC93A}]
Capabilities {acceptInsecureCerts: false, browserName: Safari, browserVersion: 26.0, platformName: mac, safari:automaticInspection: false, safari:automaticProfiling: false, safari:diagnose: false, safari:experimentalWebSocketUrl: false, safari:platformBuildVersion: 25A354, safari:platformVersion: 26.0, safari:useSimulator: false, setWindowRect: true, strictFileInteractability: false, webkit:WebRTC: {DisableICECandidateFiltering: false, DisableInsecureMediaCapture: false}, webkit:alwaysAllowAutoplay: false}
Element: [[RemoteWebDriver: Safari on mac (9E916CD2-8D22-457A-AD53-70A8737F6768)] -> xpath: //button[text()='Submit']]
Session ID: 9E916CD2-8D22-457A-AD53-70A8737F6768
at org.openqa.selenium.remote.ErrorCodec.decode(ErrorCodec.java:167)
at org.openqa.selenium.remote.codec.w3c.W3CHttpResponseCodec.decode(W3CHttpResponseCodec.java:138)
at org.openqa.selenium.remote.codec.w3c.W3CHttpResponseCodec.decode(W3CHttpResponseCodec.java:50)
at org.openqa.selenium.remote.HttpCommandExecutor.execute(HttpCommandExecutor.java:215)
at org.openqa.selenium.remote.TracedCommandExecutor.execute(TracedCommandExecutor.java:53)
at org.openqa.selenium.remote.RemoteWebDriver.execute(RemoteWebDriver.java:557)
at org.openqa.selenium.remote.RemoteWebElement.execute(RemoteWebElement.java:223)
at org.openqa.selenium.remote.RemoteWebElement.click(RemoteWebElement.java:76)
at LambdaPages.InputFormPage.clickSubmit(InputFormPage.java:62)
at Reusables.TestScenario3.testInputFormSubmit(TestScenario3.java:25)
at java.base/java.util.ArrayList.forEach(ArrayList.java:1511)
at java.base/java.util.concurrent.FutureTask.run(FutureTask.java:264)
at java.base/java.util.concurrent.ThreadPoolExecutor.runWorker(ThreadPoolExecutor.java:1136)
at java.base/java.util.concurrent.ThreadPoolExecutor$Worker.run(ThreadPoolExecutor.java:635)
at java.base/java.lang.Thread.run(Thread.java:842)
... Removed 22 stack frames]]>
    </failure>
  </testcase> <!-- testInputFormSubmit -->
</testsuite> <!-- Test2 -->
